<?xml version="1.0" encoding="UTF-8"?>
<coverage generated="1686798987936" clover="3.2.0">
  <project timestamp="1686798987936" name="All files">
    <metrics statements="132" coveredstatements="1" conditionals="32" coveredconditionals="0" methods="42" coveredmethods="0" elements="206" coveredelements="1" complexity="0" loc="132" ncloc="132" packages="2" files="2" classes="2"/>
    <package name="src">
      <metrics statements="37" coveredstatements="0" conditionals="10" coveredconditionals="0" methods="13" coveredmethods="0"/>
      <file name="ChatScreen.js" path="C:\Users\kuehl\dev\IPR\tenter\src\ChatScreen.js">
        <metrics statements="37" coveredstatements="0" conditionals="10" coveredconditionals="0" methods="13" coveredmethods="0"/>
        <line num="13" count="0" type="stmt"/>
        <line num="14" count="0" type="stmt"/>
        <line num="15" count="0" type="stmt"/>
        <line num="16" count="0" type="stmt"/>
        <line num="17" count="0" type="stmt"/>
        <line num="20" count="0" type="stmt"/>
        <line num="21" count="0" type="stmt"/>
        <line num="22" count="0" type="stmt"/>
        <line num="25" count="0" type="stmt"/>
        <line num="26" count="0" type="stmt"/>
        <line num="27" count="0" type="stmt"/>
        <line num="30" count="0" type="stmt"/>
        <line num="31" count="0" type="cond" truecount="0" falsecount="2"/>
        <line num="32" count="0" type="stmt"/>
        <line num="33" count="0" type="stmt"/>
        <line num="34" count="0" type="stmt"/>
        <line num="36" count="0" type="stmt"/>
        <line num="40" count="0" type="stmt"/>
        <line num="42" count="0" type="stmt"/>
        <line num="43" count="0" type="stmt"/>
        <line num="44" count="0" type="stmt"/>
        <line num="47" count="0" type="stmt"/>
        <line num="48" count="0" type="stmt"/>
        <line num="49" count="0" type="stmt"/>
        <line num="53" count="0" type="stmt"/>
        <line num="54" count="0" type="stmt"/>
        <line num="56" count="0" type="stmt"/>
        <line num="63" count="0" type="stmt"/>
        <line num="65" count="0" type="stmt"/>
        <line num="66" count="0" type="stmt"/>
        <line num="68" count="0" type="stmt"/>
        <line num="71" count="0" type="stmt"/>
        <line num="72" count="0" type="stmt"/>
        <line num="75" count="0" type="stmt"/>
        <line num="80" count="0" type="stmt"/>
        <line num="85" count="0" type="cond" truecount="0" falsecount="4"/>
        <line num="98" count="0" type="stmt"/>
      </file>
    </package>
    <package name="src.reg">
      <metrics statements="95" coveredstatements="1" conditionals="22" coveredconditionals="0" methods="29" coveredmethods="0"/>
      <file name="RegistrationPage.js" path="C:\Users\kuehl\dev\IPR\tenter\src\reg\RegistrationPage.js">
        <metrics statements="95" coveredstatements="1" conditionals="22" coveredconditionals="0" methods="29" coveredmethods="0"/>
        <line num="13" count="1" type="stmt"/>
        <line num="14" count="0" type="stmt"/>
        <line num="15" count="0" type="stmt"/>
        <line num="16" count="0" type="stmt"/>
        <line num="17" count="0" type="stmt"/>
        <line num="18" count="0" type="stmt"/>
        <line num="22" count="0" type="stmt"/>
        <line num="23" count="0" type="stmt"/>
        <line num="24" count="0" type="cond" truecount="0" falsecount="2"/>
        <line num="25" count="0" type="stmt"/>
        <line num="26" count="0" type="stmt"/>
        <line num="27" count="0" type="stmt"/>
        <line num="29" count="0" type="stmt"/>
        <line num="30" count="0" type="stmt"/>
        <line num="31" count="0" type="stmt"/>
        <line num="34" count="0" type="stmt"/>
        <line num="35" count="0" type="stmt"/>
        <line num="40" count="0" type="stmt"/>
        <line num="42" count="0" type="stmt"/>
        <line num="44" count="0" type="stmt"/>
        <line num="45" count="0" type="stmt"/>
        <line num="46" count="0" type="stmt"/>
        <line num="47" count="0" type="stmt"/>
        <line num="48" count="0" type="stmt"/>
        <line num="50" count="0" type="stmt"/>
        <line num="51" count="0" type="stmt"/>
        <line num="53" count="0" type="cond" truecount="0" falsecount="5"/>
        <line num="55" count="0" type="stmt"/>
        <line num="56" count="0" type="stmt"/>
        <line num="58" count="0" type="stmt"/>
        <line num="59" count="0" type="stmt"/>
        <line num="61" count="0" type="stmt"/>
        <line num="62" count="0" type="stmt"/>
        <line num="64" count="0" type="stmt"/>
        <line num="65" count="0" type="stmt"/>
        <line num="67" count="0" type="stmt"/>
        <line num="71" count="0" type="stmt"/>
        <line num="72" count="0" type="stmt"/>
        <line num="73" count="0" type="stmt"/>
        <line num="74" count="0" type="stmt"/>
        <line num="77" count="0" type="stmt"/>
        <line num="78" count="0" type="stmt"/>
        <line num="79" count="0" type="cond" truecount="0" falsecount="4"/>
        <line num="80" count="0" type="stmt"/>
        <line num="82" count="0" type="cond" truecount="0" falsecount="2"/>
        <line num="83" count="0" type="stmt"/>
        <line num="84" count="0" type="cond" truecount="0" falsecount="2"/>
        <line num="87" count="0" type="stmt"/>
        <line num="89" count="0" type="stmt"/>
        <line num="92" count="0" type="stmt"/>
        <line num="93" count="0" type="stmt"/>
        <line num="97" count="0" type="stmt"/>
        <line num="99" count="0" type="stmt"/>
        <line num="102" count="0" type="stmt"/>
        <line num="105" count="0" type="stmt"/>
        <line num="110" count="0" type="stmt"/>
        <line num="111" count="0" type="stmt"/>
        <line num="115" count="0" type="stmt"/>
        <line num="116" count="0" type="stmt"/>
        <line num="119" count="0" type="stmt"/>
        <line num="122" count="0" type="stmt"/>
        <line num="126" count="0" type="stmt"/>
        <line num="132" count="0" type="stmt"/>
        <line num="133" count="0" type="stmt"/>
        <line num="137" count="0" type="stmt"/>
        <line num="138" count="0" type="stmt"/>
        <line num="140" count="0" type="stmt"/>
        <line num="142" count="0" type="stmt"/>
        <line num="144" count="0" type="cond" truecount="0" falsecount="5"/>
        <line num="145" count="0" type="stmt"/>
        <line num="148" count="0" type="stmt"/>
        <line num="153" count="0" type="stmt"/>
        <line num="154" count="0" type="stmt"/>
        <line num="156" count="0" type="stmt"/>
        <line num="157" count="0" type="stmt"/>
        <line num="163" count="0" type="stmt"/>
        <line num="165" count="0" type="stmt"/>
        <line num="166" count="0" type="stmt"/>
        <line num="170" count="0" type="stmt"/>
        <line num="173" count="0" type="stmt"/>
        <line num="175" count="0" type="stmt"/>
        <line num="186" count="0" type="stmt"/>
        <line num="187" count="0" type="stmt"/>
        <line num="191" count="0" type="stmt"/>
        <line num="193" count="0" type="stmt"/>
        <line num="197" count="0" type="stmt"/>
        <line num="198" count="0" type="stmt"/>
        <line num="200" count="0" type="stmt"/>
        <line num="201" count="0" type="stmt"/>
        <line num="202" count="0" type="stmt"/>
        <line num="205" count="0" type="stmt"/>
        <line num="206" count="0" type="stmt"/>
        <line num="209" count="0" type="stmt"/>
        <line num="213" count="0" type="stmt"/>
        <line num="262" count="0" type="stmt"/>
      </file>
    </package>
  </project>
</coverage>
