{"C:\\Users\\kuehl\\dev\\IPR\\tenter\\src\\firebase.js": {"path":"C:\\Users\\kuehl\\dev\\IPR\\tenter\\src\\firebase.js","statementMap":{"0":{"start":{"line":15,"column":23},"end":{"line":23,"column":1}},"1":{"start":{"line":27,"column":20},"end":{"line":27,"column":49}},"2":{"start":{"line":28,"column":13},"end":{"line":28,"column":22}},"3":{"start":{"line":29,"column":17},"end":{"line":29,"column":31}}},"fnMap":{},"branchMap":{},"s":{"0":0,"1":0,"2":0,"3":0},"f":{},"b":{}}
,"C:\\Users\\kuehl\\dev\\IPR\\tenter\\src\\jest.config.js": {"path":"C:\\Users\\kuehl\\dev\\IPR\\tenter\\src\\jest.config.js","statementMap":{},"fnMap":{},"branchMap":{},"s":{},"f":{},"b":{}}
,"C:\\Users\\kuehl\\dev\\IPR\\tenter\\src\\profile\\Profile.js": {"path":"C:\\Users\\kuehl\\dev\\IPR\\tenter\\src\\profile\\Profile.js","statementMap":{"0":{"start":{"line":12,"column":18},"end":{"line":18,"column":6}},"1":{"start":{"line":13,"column":4},"end":{"line":18,"column":6}},"2":{"start":{"line":14,"column":23},"end":{"line":14,"column":39}},"3":{"start":{"line":15,"column":8},"end":{"line":15,"column":35}},"4":{"start":{"line":16,"column":8},"end":{"line":16,"column":53}},"5":{"start":{"line":16,"column":30},"end":{"line":16,"column":52}},"6":{"start":{"line":17,"column":8},"end":{"line":17,"column":50}},"7":{"start":{"line":17,"column":36},"end":{"line":17,"column":49}},"8":{"start":{"line":22,"column":21},"end":{"line":22,"column":34}},"9":{"start":{"line":24,"column":20},"end":{"line":24,"column":31}},"10":{"start":{"line":25,"column":28},"end":{"line":25,"column":40}},"11":{"start":{"line":27,"column":40},"end":{"line":27,"column":55}},"12":{"start":{"line":28,"column":40},"end":{"line":28,"column":55}},"13":{"start":{"line":30,"column":36},"end":{"line":30,"column":48}},"14":{"start":{"line":31,"column":34},"end":{"line":31,"column":46}},"15":{"start":{"line":32,"column":42},"end":{"line":32,"column":57}},"16":{"start":{"line":33,"column":44},"end":{"line":33,"column":56}},"17":{"start":{"line":34,"column":44},"end":{"line":34,"column":56}},"18":{"start":{"line":35,"column":36},"end":{"line":35,"column":48}},"19":{"start":{"line":36,"column":19},"end":{"line":36,"column":33}},"20":{"start":{"line":38,"column":22},"end":{"line":40,"column":5}},"21":{"start":{"line":39,"column":8},"end":{"line":39,"column":28}},"22":{"start":{"line":42,"column":22},"end":{"line":44,"column":5}},"23":{"start":{"line":43,"column":8},"end":{"line":43,"column":29}},"24":{"start":{"line":46,"column":23},"end":{"line":48,"column":5}},"25":{"start":{"line":47,"column":8},"end":{"line":47,"column":28}},"26":{"start":{"line":50,"column":23},"end":{"line":52,"column":5}},"27":{"start":{"line":51,"column":8},"end":{"line":51,"column":29}},"28":{"start":{"line":54,"column":25},"end":{"line":54,"column":52}},"29":{"start":{"line":54,"column":31},"end":{"line":54,"column":52}},"30":{"start":{"line":55,"column":26},"end":{"line":62,"column":5}},"31":{"start":{"line":56,"column":8},"end":{"line":58,"column":9}},"32":{"start":{"line":57,"column":12},"end":{"line":57,"column":63}},"33":{"start":{"line":59,"column":8},"end":{"line":59,"column":50}},"34":{"start":{"line":60,"column":8},"end":{"line":60,"column":29}},"35":{"start":{"line":61,"column":8},"end":{"line":61,"column":88}},"36":{"start":{"line":64,"column":25},"end":{"line":67,"column":5}},"37":{"start":{"line":66,"column":8},"end":{"line":66,"column":86}},"38":{"start":{"line":66,"column":38},"end":{"line":66,"column":84}},"39":{"start":{"line":66,"column":65},"end":{"line":66,"column":83}},"40":{"start":{"line":69,"column":25},"end":{"line":90,"column":5}},"41":{"start":{"line":70,"column":45},"end":{"line":70,"column":52}},"42":{"start":{"line":74,"column":8},"end":{"line":86,"column":17}},"43":{"start":{"line":76,"column":12},"end":{"line":76,"column":48}},"44":{"start":{"line":79,"column":12},"end":{"line":79,"column":67}},"45":{"start":{"line":79,"column":42},"end":{"line":79,"column":65}},"46":{"start":{"line":82,"column":12},"end":{"line":82,"column":24}},"47":{"start":{"line":87,"column":8},"end":{"line":89,"column":11}},"48":{"start":{"line":88,"column":12},"end":{"line":88,"column":33}},"49":{"start":{"line":92,"column":25},"end":{"line":100,"column":5}},"50":{"start":{"line":93,"column":23},"end":{"line":93,"column":41}},"51":{"start":{"line":96,"column":8},"end":{"line":96,"column":40}},"52":{"start":{"line":99,"column":8},"end":{"line":99,"column":30}},"53":{"start":{"line":103,"column":8},"end":{"line":106,"column":14}},"54":{"start":{"line":109,"column":4},"end":{"line":128,"column":14}},"55":{"start":{"line":110,"column":26},"end":{"line":124,"column":9}},"56":{"start":{"line":111,"column":12},"end":{"line":123,"column":13}},"57":{"start":{"line":112,"column":31},"end":{"line":112,"column":66}},"58":{"start":{"line":113,"column":36},"end":{"line":113,"column":56}},"59":{"start":{"line":115,"column":16},"end":{"line":120,"column":17}},"60":{"start":{"line":116,"column":37},"end":{"line":116,"column":55}},"61":{"start":{"line":117,"column":20},"end":{"line":117,"column":38}},"62":{"start":{"line":119,"column":20},"end":{"line":119,"column":75}},"63":{"start":{"line":122,"column":16},"end":{"line":122,"column":70}},"64":{"start":{"line":126,"column":8},"end":{"line":126,"column":20}},"65":{"start":{"line":134,"column":8},"end":{"line":140,"column":9}},"66":{"start":{"line":135,"column":12},"end":{"line":135,"column":60}},"67":{"start":{"line":136,"column":12},"end":{"line":136,"column":58}},"68":{"start":{"line":138,"column":12},"end":{"line":138,"column":61}},"69":{"start":{"line":139,"column":12},"end":{"line":139,"column":24}},"70":{"start":{"line":142,"column":21},"end":{"line":144,"column":5}},"71":{"start":{"line":143,"column":8},"end":{"line":143,"column":28}},"72":{"start":{"line":149,"column":21},"end":{"line":149,"column":37}},"73":{"start":{"line":150,"column":8},"end":{"line":159,"column":9}},"74":{"start":{"line":151,"column":12},"end":{"line":157,"column":19}},"75":{"start":{"line":153,"column":20},"end":{"line":153,"column":70}},"76":{"start":{"line":156,"column":20},"end":{"line":156,"column":73}},"77":{"start":{"line":158,"column":12},"end":{"line":158,"column":31}},"78":{"start":{"line":161,"column":24},"end":{"line":161,"column":53}},"79":{"start":{"line":162,"column":24},"end":{"line":162,"column":52}},"80":{"start":{"line":164,"column":8},"end":{"line":170,"column":15}},"81":{"start":{"line":166,"column":16},"end":{"line":166,"column":58}},"82":{"start":{"line":169,"column":16},"end":{"line":169,"column":61}},"83":{"start":{"line":172,"column":8},"end":{"line":178,"column":15}},"84":{"start":{"line":174,"column":16},"end":{"line":174,"column":58}},"85":{"start":{"line":177,"column":16},"end":{"line":177,"column":61}},"86":{"start":{"line":180,"column":8},"end":{"line":180,"column":29}},"87":{"start":{"line":184,"column":8},"end":{"line":190,"column":9}},"88":{"start":{"line":185,"column":12},"end":{"line":185,"column":73}},"89":{"start":{"line":186,"column":12},"end":{"line":186,"column":58}},"90":{"start":{"line":188,"column":12},"end":{"line":188,"column":61}},"91":{"start":{"line":189,"column":12},"end":{"line":189,"column":24}},"92":{"start":{"line":194,"column":21},"end":{"line":194,"column":37}},"93":{"start":{"line":195,"column":20},"end":{"line":195,"column":22}},"94":{"start":{"line":196,"column":8},"end":{"line":198,"column":9}},"95":{"start":{"line":197,"column":12},"end":{"line":197,"column":41}},"96":{"start":{"line":199,"column":22},"end":{"line":201,"column":9}},"97":{"start":{"line":202,"column":8},"end":{"line":212,"column":9}},"98":{"start":{"line":203,"column":12},"end":{"line":211,"column":19}},"99":{"start":{"line":205,"column":20},"end":{"line":205,"column":62}},"100":{"start":{"line":206,"column":20},"end":{"line":206,"column":46}},"101":{"start":{"line":210,"column":20},"end":{"line":210,"column":77}},"102":{"start":{"line":213,"column":18},"end":{"line":213,"column":88}},"103":{"start":{"line":217,"column":21},"end":{"line":220,"column":9}},"104":{"start":{"line":221,"column":8},"end":{"line":221,"column":69}},"105":{"start":{"line":222,"column":8},"end":{"line":222,"column":29}},"106":{"start":{"line":223,"column":8},"end":{"line":223,"column":32}},"107":{"start":{"line":227,"column":8},"end":{"line":240,"column":11}},"108":{"start":{"line":228,"column":27},"end":{"line":228,"column":43}},"109":{"start":{"line":230,"column":12},"end":{"line":233,"column":14}},"110":{"start":{"line":231,"column":36},"end":{"line":231,"column":49}},"111":{"start":{"line":232,"column":16},"end":{"line":232,"column":37}},"112":{"start":{"line":235,"column":12},"end":{"line":237,"column":14}},"113":{"start":{"line":236,"column":16},"end":{"line":236,"column":30}},"114":{"start":{"line":239,"column":12},"end":{"line":239,"column":39}},"115":{"start":{"line":243,"column":30},"end":{"line":256,"column":5}},"116":{"start":{"line":244,"column":32},"end":{"line":244,"column":44}},"117":{"start":{"line":246,"column":8},"end":{"line":255,"column":9}},"118":{"start":{"line":248,"column":16},"end":{"line":248,"column":36}},"119":{"start":{"line":249,"column":16},"end":{"line":249,"column":22}},"120":{"start":{"line":251,"column":16},"end":{"line":251,"column":35}},"121":{"start":{"line":252,"column":16},"end":{"line":252,"column":22}},"122":{"start":{"line":254,"column":16},"end":{"line":254,"column":22}},"123":{"start":{"line":258,"column":4},"end":{"line":318,"column":6}}},"fnMap":{"0":{"name":"(anonymous_0)","decl":{"start":{"line":12,"column":18},"end":{"line":12,"column":19}},"loc":{"start":{"line":13,"column":4},"end":{"line":18,"column":6}},"line":13},"1":{"name":"(anonymous_1)","decl":{"start":{"line":13,"column":16},"end":{"line":13,"column":17}},"loc":{"start":{"line":13,"column":37},"end":{"line":18,"column":5}},"line":13},"2":{"name":"(anonymous_2)","decl":{"start":{"line":16,"column":24},"end":{"line":16,"column":25}},"loc":{"start":{"line":16,"column":30},"end":{"line":16,"column":52}},"line":16},"3":{"name":"(anonymous_3)","decl":{"start":{"line":17,"column":25},"end":{"line":17,"column":26}},"loc":{"start":{"line":17,"column":36},"end":{"line":17,"column":49}},"line":17},"4":{"name":"Profile","decl":{"start":{"line":21,"column":24},"end":{"line":21,"column":31}},"loc":{"start":{"line":21,"column":34},"end":{"line":319,"column":1}},"line":21},"5":{"name":"(anonymous_5)","decl":{"start":{"line":38,"column":22},"end":{"line":38,"column":23}},"loc":{"start":{"line":38,"column":28},"end":{"line":40,"column":5}},"line":38},"6":{"name":"(anonymous_6)","decl":{"start":{"line":42,"column":22},"end":{"line":42,"column":23}},"loc":{"start":{"line":42,"column":28},"end":{"line":44,"column":5}},"line":42},"7":{"name":"(anonymous_7)","decl":{"start":{"line":46,"column":23},"end":{"line":46,"column":24}},"loc":{"start":{"line":46,"column":29},"end":{"line":48,"column":5}},"line":46},"8":{"name":"(anonymous_8)","decl":{"start":{"line":50,"column":23},"end":{"line":50,"column":24}},"loc":{"start":{"line":50,"column":29},"end":{"line":52,"column":5}},"line":50},"9":{"name":"(anonymous_9)","decl":{"start":{"line":54,"column":25},"end":{"line":54,"column":26}},"loc":{"start":{"line":54,"column":31},"end":{"line":54,"column":52}},"line":54},"10":{"name":"(anonymous_10)","decl":{"start":{"line":55,"column":26},"end":{"line":55,"column":27}},"loc":{"start":{"line":55,"column":42},"end":{"line":62,"column":5}},"line":55},"11":{"name":"(anonymous_11)","decl":{"start":{"line":64,"column":25},"end":{"line":64,"column":26}},"loc":{"start":{"line":64,"column":35},"end":{"line":67,"column":5}},"line":64},"12":{"name":"(anonymous_12)","decl":{"start":{"line":66,"column":20},"end":{"line":66,"column":21}},"loc":{"start":{"line":66,"column":38},"end":{"line":66,"column":84}},"line":66},"13":{"name":"(anonymous_13)","decl":{"start":{"line":66,"column":58},"end":{"line":66,"column":59}},"loc":{"start":{"line":66,"column":65},"end":{"line":66,"column":83}},"line":66},"14":{"name":"(anonymous_14)","decl":{"start":{"line":69,"column":25},"end":{"line":69,"column":26}},"loc":{"start":{"line":69,"column":38},"end":{"line":90,"column":5}},"line":69},"15":{"name":"(anonymous_15)","decl":{"start":{"line":74,"column":19},"end":{"line":74,"column":20}},"loc":{"start":{"line":74,"column":25},"end":{"line":86,"column":9}},"line":74},"16":{"name":"(anonymous_16)","decl":{"start":{"line":79,"column":24},"end":{"line":79,"column":25}},"loc":{"start":{"line":79,"column":42},"end":{"line":79,"column":65}},"line":79},"17":{"name":"(anonymous_17)","decl":{"start":{"line":87,"column":25},"end":{"line":87,"column":26}},"loc":{"start":{"line":87,"column":36},"end":{"line":89,"column":9}},"line":87},"18":{"name":"(anonymous_18)","decl":{"start":{"line":92,"column":25},"end":{"line":92,"column":26}},"loc":{"start":{"line":92,"column":35},"end":{"line":100,"column":5}},"line":92},"19":{"name":"(anonymous_19)","decl":{"start":{"line":109,"column":14},"end":{"line":109,"column":15}},"loc":{"start":{"line":109,"column":20},"end":{"line":128,"column":5}},"line":109},"20":{"name":"(anonymous_20)","decl":{"start":{"line":110,"column":26},"end":{"line":110,"column":27}},"loc":{"start":{"line":110,"column":38},"end":{"line":124,"column":9}},"line":110},"21":{"name":"deleteDocument","decl":{"start":{"line":133,"column":19},"end":{"line":133,"column":33}},"loc":{"start":{"line":133,"column":61},"end":{"line":141,"column":5}},"line":133},"22":{"name":"(anonymous_22)","decl":{"start":{"line":142,"column":21},"end":{"line":142,"column":22}},"loc":{"start":{"line":142,"column":33},"end":{"line":144,"column":5}},"line":142},"23":{"name":"handleDelete","decl":{"start":{"line":148,"column":13},"end":{"line":148,"column":25}},"loc":{"start":{"line":148,"column":28},"end":{"line":181,"column":5}},"line":148},"24":{"name":"(anonymous_24)","decl":{"start":{"line":152,"column":22},"end":{"line":152,"column":23}},"loc":{"start":{"line":152,"column":28},"end":{"line":154,"column":17}},"line":152},"25":{"name":"(anonymous_25)","decl":{"start":{"line":155,"column":23},"end":{"line":155,"column":24}},"loc":{"start":{"line":155,"column":34},"end":{"line":157,"column":17}},"line":155},"26":{"name":"(anonymous_26)","decl":{"start":{"line":165,"column":18},"end":{"line":165,"column":19}},"loc":{"start":{"line":165,"column":24},"end":{"line":167,"column":13}},"line":165},"27":{"name":"(anonymous_27)","decl":{"start":{"line":168,"column":19},"end":{"line":168,"column":20}},"loc":{"start":{"line":168,"column":30},"end":{"line":170,"column":13}},"line":168},"28":{"name":"(anonymous_28)","decl":{"start":{"line":173,"column":18},"end":{"line":173,"column":19}},"loc":{"start":{"line":173,"column":24},"end":{"line":175,"column":13}},"line":173},"29":{"name":"(anonymous_29)","decl":{"start":{"line":176,"column":19},"end":{"line":176,"column":20}},"loc":{"start":{"line":176,"column":30},"end":{"line":178,"column":13}},"line":176},"30":{"name":"updateDocument","decl":{"start":{"line":183,"column":19},"end":{"line":183,"column":33}},"loc":{"start":{"line":183,"column":74},"end":{"line":191,"column":5}},"line":183},"31":{"name":"handleUpdate","decl":{"start":{"line":193,"column":19},"end":{"line":193,"column":31}},"loc":{"start":{"line":193,"column":34},"end":{"line":224,"column":5}},"line":193},"32":{"name":"(anonymous_32)","decl":{"start":{"line":204,"column":22},"end":{"line":204,"column":23}},"loc":{"start":{"line":204,"column":39},"end":{"line":208,"column":17}},"line":204},"33":{"name":"(anonymous_33)","decl":{"start":{"line":209,"column":23},"end":{"line":209,"column":24}},"loc":{"start":{"line":209,"column":34},"end":{"line":211,"column":17}},"line":209},"34":{"name":"fileToString","decl":{"start":{"line":226,"column":13},"end":{"line":226,"column":25}},"loc":{"start":{"line":226,"column":32},"end":{"line":241,"column":5}},"line":226},"35":{"name":"(anonymous_35)","decl":{"start":{"line":227,"column":27},"end":{"line":227,"column":28}},"loc":{"start":{"line":227,"column":48},"end":{"line":240,"column":9}},"line":227},"36":{"name":"(anonymous_36)","decl":{"start":{"line":230,"column":28},"end":{"line":230,"column":29}},"loc":{"start":{"line":230,"column":34},"end":{"line":233,"column":13}},"line":230},"37":{"name":"(anonymous_37)","decl":{"start":{"line":235,"column":29},"end":{"line":235,"column":30}},"loc":{"start":{"line":235,"column":40},"end":{"line":237,"column":13}},"line":235},"38":{"name":"(anonymous_38)","decl":{"start":{"line":243,"column":30},"end":{"line":243,"column":31}},"loc":{"start":{"line":243,"column":41},"end":{"line":256,"column":5}},"line":243}},"branchMap":{"0":{"loc":{"start":{"line":56,"column":8},"end":{"line":58,"column":9}},"type":"if","locations":[{"start":{"line":56,"column":8},"end":{"line":58,"column":9}},{"start":{},"end":{}}],"line":56},"1":{"loc":{"start":{"line":56,"column":12},"end":{"line":56,"column":38}},"type":"binary-expr","locations":[{"start":{"line":56,"column":12},"end":{"line":56,"column":21}},{"start":{"line":56,"column":25},"end":{"line":56,"column":38}}],"line":56},"2":{"loc":{"start":{"line":59,"column":24},"end":{"line":59,"column":48}},"type":"binary-expr","locations":[{"start":{"line":59,"column":24},"end":{"line":59,"column":32}},{"start":{"line":59,"column":36},"end":{"line":59,"column":48}}],"line":59},"3":{"loc":{"start":{"line":61,"column":24},"end":{"line":61,"column":86}},"type":"binary-expr","locations":[{"start":{"line":61,"column":24},"end":{"line":61,"column":33}},{"start":{"line":61,"column":37},"end":{"line":61,"column":86}}],"line":61},"4":{"loc":{"start":{"line":115,"column":16},"end":{"line":120,"column":17}},"type":"if","locations":[{"start":{"line":115,"column":16},"end":{"line":120,"column":17}},{"start":{"line":118,"column":23},"end":{"line":120,"column":17}}],"line":115},"5":{"loc":{"start":{"line":150,"column":8},"end":{"line":159,"column":9}},"type":"if","locations":[{"start":{"line":150,"column":8},"end":{"line":159,"column":9}},{"start":{},"end":{}}],"line":150},"6":{"loc":{"start":{"line":196,"column":8},"end":{"line":198,"column":9}},"type":"if","locations":[{"start":{"line":196,"column":8},"end":{"line":198,"column":9}},{"start":{},"end":{}}],"line":196},"7":{"loc":{"start":{"line":200,"column":19},"end":{"line":200,"column":58}},"type":"cond-expr","locations":[{"start":{"line":200,"column":38},"end":{"line":200,"column":47}},{"start":{"line":200,"column":50},"end":{"line":200,"column":58}}],"line":200},"8":{"loc":{"start":{"line":200,"column":69},"end":{"line":200,"column":106}},"type":"cond-expr","locations":[{"start":{"line":200,"column":87},"end":{"line":200,"column":95}},{"start":{"line":200,"column":98},"end":{"line":200,"column":106}}],"line":200},"9":{"loc":{"start":{"line":202,"column":8},"end":{"line":212,"column":9}},"type":"if","locations":[{"start":{"line":202,"column":8},"end":{"line":212,"column":9}},{"start":{},"end":{}}],"line":202},"10":{"loc":{"start":{"line":218,"column":23},"end":{"line":218,"column":61}},"type":"cond-expr","locations":[{"start":{"line":218,"column":41},"end":{"line":218,"column":50}},{"start":{"line":218,"column":53},"end":{"line":218,"column":61}}],"line":218},"11":{"loc":{"start":{"line":246,"column":8},"end":{"line":255,"column":9}},"type":"switch","locations":[{"start":{"line":247,"column":12},"end":{"line":249,"column":22}},{"start":{"line":250,"column":12},"end":{"line":252,"column":22}},{"start":{"line":253,"column":12},"end":{"line":254,"column":22}}],"line":246},"12":{"loc":{"start":{"line":261,"column":17},"end":{"line":261,"column":51}},"type":"binary-expr","locations":[{"start":{"line":261,"column":17},"end":{"line":261,"column":21}},{"start":{"line":261,"column":25},"end":{"line":261,"column":51}}],"line":261},"13":{"loc":{"start":{"line":263,"column":21},"end":{"line":263,"column":65}},"type":"binary-expr","locations":[{"start":{"line":263,"column":21},"end":{"line":263,"column":25}},{"start":{"line":263,"column":29},"end":{"line":263,"column":65}}],"line":263},"14":{"loc":{"start":{"line":311,"column":21},"end":{"line":311,"column":63}},"type":"cond-expr","locations":[{"start":{"line":311,"column":44},"end":{"line":311,"column":48}},{"start":{"line":311,"column":51},"end":{"line":311,"column":63}}],"line":311}},"s":{"0":1,"1":0,"2":0,"3":0,"4":0,"5":0,"6":0,"7":0,"8":1,"9":1,"10":1,"11":1,"12":1,"13":1,"14":1,"15":1,"16":1,"17":1,"18":1,"19":1,"20":1,"21":0,"22":1,"23":0,"24":1,"25":0,"26":1,"27":0,"28":1,"29":0,"30":1,"31":0,"32":0,"33":0,"34":0,"35":0,"36":1,"37":0,"38":0,"39":0,"40":1,"41":0,"42":0,"43":0,"44":0,"45":0,"46":0,"47":0,"48":0,"49":1,"50":0,"51":0,"52":0,"53":1,"54":1,"55":1,"56":1,"57":1,"58":1,"59":1,"60":0,"61":0,"62":0,"63":1,"64":1,"65":0,"66":0,"67":0,"68":0,"69":0,"70":1,"71":0,"72":0,"73":0,"74":0,"75":0,"76":0,"77":0,"78":0,"79":0,"80":0,"81":0,"82":0,"83":0,"84":0,"85":0,"86":0,"87":0,"88":0,"89":0,"90":0,"91":0,"92":0,"93":0,"94":0,"95":0,"96":0,"97":0,"98":0,"99":0,"100":0,"101":0,"102":0,"103":0,"104":0,"105":0,"106":0,"107":0,"108":0,"109":0,"110":0,"111":0,"112":0,"113":0,"114":0,"115":1,"116":0,"117":0,"118":0,"119":0,"120":0,"121":0,"122":0,"123":1},"f":{"0":0,"1":0,"2":0,"3":0,"4":1,"5":0,"6":0,"7":0,"8":0,"9":0,"10":0,"11":0,"12":0,"13":0,"14":0,"15":0,"16":0,"17":0,"18":0,"19":1,"20":1,"21":0,"22":0,"23":0,"24":0,"25":0,"26":0,"27":0,"28":0,"29":0,"30":0,"31":0,"32":0,"33":0,"34":0,"35":0,"36":0,"37":0,"38":0},"b":{"0":[0,0],"1":[0,0],"2":[0,0],"3":[0,0],"4":[0,0],"5":[0,0],"6":[0,0],"7":[0,0],"8":[0,0],"9":[0,0],"10":[0,0],"11":[0,0,0],"12":[1,1],"13":[1,1],"14":[0,1]},"_coverageSchema":"1a1c01bbd47fc00a2c39e90264f33305004495a9","hash":"5b5b0b51485a787a6d7330ea9e4ebffb0b536e5d"}
}
