{"C:\\Users\\kuehl\\dev\\IPR\\tenter\\src\\Chat.js": {"path":"C:\\Users\\kuehl\\dev\\IPR\\tenter\\src\\Chat.js","statementMap":{"0":{"start":{"line":9,"column":4},"end":{"line":21,"column":6}}},"fnMap":{"0":{"name":"Chat","decl":{"start":{"line":7,"column":9},"end":{"line":7,"column":13}},"loc":{"start":{"line":7,"column":70},"end":{"line":22,"column":1}},"line":7}},"branchMap":{},"s":{"0":1},"f":{"0":1},"b":{},"_coverageSchema":"1a1c01bbd47fc00a2c39e90264f33305004495a9","hash":"90aa55d81c4da5d075c573b3a346fa778a221810"}
,"C:\\Users\\kuehl\\dev\\IPR\\tenter\\src\\ChatScreen.js": {"path":"C:\\Users\\kuehl\\dev\\IPR\\tenter\\src\\ChatScreen.js","statementMap":{"0":{"start":{"line":13,"column":29},"end":{"line":13,"column":40}},"1":{"start":{"line":14,"column":4},"end":{"line":14,"column":56}},"2":{"start":{"line":15,"column":30},"end":{"line":15,"column":42}},"3":{"start":{"line":16,"column":36},"end":{"line":16,"column":48}},"4":{"start":{"line":17,"column":32},"end":{"line":17,"column":46}},"5":{"start":{"line":20,"column":4},"end":{"line":48,"column":11}},"6":{"start":{"line":21,"column":26},"end":{"line":25,"column":9}},"7":{"start":{"line":22,"column":34},"end":{"line":22,"column":78}},"8":{"start":{"line":23,"column":29},"end":{"line":23,"column":72}},"9":{"start":{"line":23,"column":61},"end":{"line":23,"column":71}},"10":{"start":{"line":24,"column":12},"end":{"line":24,"column":76}},"11":{"start":{"line":24,"column":48},"end":{"line":24,"column":73}},"12":{"start":{"line":27,"column":28},"end":{"line":35,"column":10}},"13":{"start":{"line":28,"column":12},"end":{"line":34,"column":13}},"14":{"start":{"line":29,"column":28},"end":{"line":29,"column":36}},"15":{"start":{"line":30,"column":16},"end":{"line":30,"column":31}},"16":{"start":{"line":31,"column":16},"end":{"line":31,"column":41}},"17":{"start":{"line":33,"column":16},"end":{"line":33,"column":50}},"18":{"start":{"line":37,"column":8},"end":{"line":37,"column":20}},"19":{"start":{"line":39,"column":36},"end":{"line":42,"column":10}},"20":{"start":{"line":40,"column":32},"end":{"line":40,"column":70}},"21":{"start":{"line":40,"column":59},"end":{"line":40,"column":69}},"22":{"start":{"line":41,"column":12},"end":{"line":41,"column":79}},"23":{"start":{"line":41,"column":51},"end":{"line":41,"column":76}},"24":{"start":{"line":44,"column":8},"end":{"line":47,"column":10}},"25":{"start":{"line":45,"column":12},"end":{"line":45,"column":26}},"26":{"start":{"line":46,"column":12},"end":{"line":46,"column":34}},"27":{"start":{"line":50,"column":23},"end":{"line":70,"column":5}},"28":{"start":{"line":51,"column":8},"end":{"line":51,"column":27}},"29":{"start":{"line":53,"column":27},"end":{"line":58,"column":9}},"30":{"start":{"line":60,"column":8},"end":{"line":66,"column":9}},"31":{"start":{"line":62,"column":27},"end":{"line":62,"column":82}},"32":{"start":{"line":63,"column":12},"end":{"line":63,"column":70}},"33":{"start":{"line":65,"column":12},"end":{"line":65,"column":70}},"34":{"start":{"line":68,"column":8},"end":{"line":68,"column":47}},"35":{"start":{"line":69,"column":8},"end":{"line":69,"column":20}},"36":{"start":{"line":72,"column":17},"end":{"line":72,"column":42}},"37":{"start":{"line":77,"column":4},"end":{"line":100,"column":6}},"38":{"start":{"line":82,"column":16},"end":{"line":91,"column":24}},"39":{"start":{"line":95,"column":52},"end":{"line":95,"column":76}}},"fnMap":{"0":{"name":"ChatScreen","decl":{"start":{"line":12,"column":9},"end":{"line":12,"column":19}},"loc":{"start":{"line":12,"column":22},"end":{"line":101,"column":1}},"line":12},"1":{"name":"(anonymous_1)","decl":{"start":{"line":20,"column":14},"end":{"line":20,"column":15}},"loc":{"start":{"line":20,"column":20},"end":{"line":48,"column":5}},"line":20},"2":{"name":"(anonymous_2)","decl":{"start":{"line":21,"column":26},"end":{"line":21,"column":27}},"loc":{"start":{"line":21,"column":38},"end":{"line":25,"column":9}},"line":21},"3":{"name":"(anonymous_3)","decl":{"start":{"line":23,"column":52},"end":{"line":23,"column":53}},"loc":{"start":{"line":23,"column":61},"end":{"line":23,"column":71}},"line":23},"4":{"name":"(anonymous_4)","decl":{"start":{"line":24,"column":38},"end":{"line":24,"column":39}},"loc":{"start":{"line":24,"column":48},"end":{"line":24,"column":73}},"line":24},"5":{"name":"(anonymous_5)","decl":{"start":{"line":27,"column":53},"end":{"line":27,"column":54}},"loc":{"start":{"line":27,"column":63},"end":{"line":35,"column":9}},"line":27},"6":{"name":"(anonymous_6)","decl":{"start":{"line":39,"column":78},"end":{"line":39,"column":79}},"loc":{"start":{"line":39,"column":92},"end":{"line":42,"column":9}},"line":39},"7":{"name":"(anonymous_7)","decl":{"start":{"line":40,"column":50},"end":{"line":40,"column":51}},"loc":{"start":{"line":40,"column":59},"end":{"line":40,"column":69}},"line":40},"8":{"name":"(anonymous_8)","decl":{"start":{"line":41,"column":41},"end":{"line":41,"column":42}},"loc":{"start":{"line":41,"column":51},"end":{"line":41,"column":76}},"line":41},"9":{"name":"(anonymous_9)","decl":{"start":{"line":44,"column":15},"end":{"line":44,"column":16}},"loc":{"start":{"line":44,"column":21},"end":{"line":47,"column":9}},"line":44},"10":{"name":"(anonymous_10)","decl":{"start":{"line":50,"column":23},"end":{"line":50,"column":24}},"loc":{"start":{"line":50,"column":36},"end":{"line":70,"column":5}},"line":50},"11":{"name":"(anonymous_11)","decl":{"start":{"line":81,"column":26},"end":{"line":81,"column":27}},"loc":{"start":{"line":82,"column":16},"end":{"line":91,"column":24}},"line":82},"12":{"name":"(anonymous_12)","decl":{"start":{"line":95,"column":47},"end":{"line":95,"column":48}},"loc":{"start":{"line":95,"column":52},"end":{"line":95,"column":76}},"line":95}},"branchMap":{"0":{"loc":{"start":{"line":28,"column":12},"end":{"line":34,"column":13}},"type":"if","locations":[{"start":{"line":28,"column":12},"end":{"line":34,"column":13}},{"start":{"line":32,"column":19},"end":{"line":34,"column":13}}],"line":28},"1":{"loc":{"start":{"line":82,"column":16},"end":{"line":91,"column":24}},"type":"cond-expr","locations":[{"start":{"line":83,"column":20},"end":{"line":85,"column":26}},{"start":{"line":86,"column":20},"end":{"line":91,"column":24}}],"line":82},"2":{"loc":{"start":{"line":82,"column":17},"end":{"line":82,"column":83}},"type":"binary-expr","locations":[{"start":{"line":82,"column":17},"end":{"line":82,"column":44}},{"start":{"line":82,"column":48},"end":{"line":82,"column":83}}],"line":82},"3":{"loc":{"start":{"line":86,"column":20},"end":{"line":91,"column":24}},"type":"cond-expr","locations":[{"start":{"line":87,"column":20},"end":{"line":90,"column":26}},{"start":{"line":91,"column":20},"end":{"line":91,"column":24}}],"line":86},"4":{"loc":{"start":{"line":86,"column":21},"end":{"line":86,"column":85}},"type":"binary-expr","locations":[{"start":{"line":86,"column":21},"end":{"line":86,"column":48}},{"start":{"line":86,"column":52},"end":{"line":86,"column":85}}],"line":86}},"s":{"0":0,"1":0,"2":0,"3":0,"4":0,"5":0,"6":0,"7":0,"8":0,"9":0,"10":0,"11":0,"12":0,"13":0,"14":0,"15":0,"16":0,"17":0,"18":0,"19":0,"20":0,"21":0,"22":0,"23":0,"24":0,"25":0,"26":0,"27":0,"28":0,"29":0,"30":0,"31":0,"32":0,"33":0,"34":0,"35":0,"36":0,"37":0,"38":0,"39":0},"f":{"0":0,"1":0,"2":0,"3":0,"4":0,"5":0,"6":0,"7":0,"8":0,"9":0,"10":0,"11":0,"12":0},"b":{"0":[0,0],"1":[0,0],"2":[0,0],"3":[0,0],"4":[0,0]},"_coverageSchema":"1a1c01bbd47fc00a2c39e90264f33305004495a9","hash":"dfb5d712fd5a66fae09d55db62e67383097ee273"}
,"C:\\Users\\kuehl\\dev\\IPR\\tenter\\src\\firebase.js": {"path":"C:\\Users\\kuehl\\dev\\IPR\\tenter\\src\\firebase.js","statementMap":{"0":{"start":{"line":15,"column":23},"end":{"line":23,"column":1}},"1":{"start":{"line":27,"column":20},"end":{"line":27,"column":49}},"2":{"start":{"line":28,"column":13},"end":{"line":28,"column":22}},"3":{"start":{"line":29,"column":17},"end":{"line":29,"column":31}}},"fnMap":{},"branchMap":{},"s":{"0":2,"1":2,"2":2,"3":2},"f":{},"b":{},"_coverageSchema":"1a1c01bbd47fc00a2c39e90264f33305004495a9","hash":"5cee1a56827cd7d5b6b9bbaf4224a06adb2192d0"}
,"C:\\Users\\kuehl\\dev\\IPR\\tenter\\src\\header\\Header.js": {"path":"C:\\Users\\kuehl\\dev\\IPR\\tenter\\src\\header\\Header.js","statementMap":{"0":{"start":{"line":14,"column":21},"end":{"line":14,"column":34}},"1":{"start":{"line":16,"column":25},"end":{"line":24,"column":5}},"2":{"start":{"line":17,"column":8},"end":{"line":23,"column":11}},"3":{"start":{"line":19,"column":12},"end":{"line":19,"column":31}},"4":{"start":{"line":20,"column":12},"end":{"line":20,"column":50}},"5":{"start":{"line":26,"column":31},"end":{"line":29,"column":5}},"6":{"start":{"line":27,"column":20},"end":{"line":27,"column":40}},"7":{"start":{"line":28,"column":8},"end":{"line":28,"column":36}},"8":{"start":{"line":31,"column":17},"end":{"line":34,"column":5}},"9":{"start":{"line":32,"column":20},"end":{"line":32,"column":40}},"10":{"start":{"line":33,"column":8},"end":{"line":33,"column":28}},"11":{"start":{"line":38,"column":4},"end":{"line":70,"column":5}},"12":{"start":{"line":41,"column":68},"end":{"line":41,"column":104}}},"fnMap":{"0":{"name":"Header","decl":{"start":{"line":13,"column":9},"end":{"line":13,"column":15}},"loc":{"start":{"line":13,"column":32},"end":{"line":71,"column":1}},"line":13},"1":{"name":"(anonymous_1)","decl":{"start":{"line":16,"column":25},"end":{"line":16,"column":26}},"loc":{"start":{"line":16,"column":31},"end":{"line":24,"column":5}},"line":16},"2":{"name":"(anonymous_2)","decl":{"start":{"line":17,"column":27},"end":{"line":17,"column":28}},"loc":{"start":{"line":17,"column":33},"end":{"line":21,"column":9}},"line":17},"3":{"name":"(anonymous_3)","decl":{"start":{"line":21,"column":17},"end":{"line":21,"column":18}},"loc":{"start":{"line":21,"column":28},"end":{"line":23,"column":9}},"line":21},"4":{"name":"(anonymous_4)","decl":{"start":{"line":26,"column":31},"end":{"line":26,"column":32}},"loc":{"start":{"line":26,"column":37},"end":{"line":29,"column":5}},"line":26},"5":{"name":"(anonymous_5)","decl":{"start":{"line":31,"column":17},"end":{"line":31,"column":18}},"loc":{"start":{"line":31,"column":23},"end":{"line":34,"column":5}},"line":31},"6":{"name":"(anonymous_6)","decl":{"start":{"line":41,"column":62},"end":{"line":41,"column":63}},"loc":{"start":{"line":41,"column":68},"end":{"line":41,"column":104}},"line":41}},"branchMap":{"0":{"loc":{"start":{"line":40,"column":13},"end":{"line":48,"column":13}},"type":"cond-expr","locations":[{"start":{"line":41,"column":16},"end":{"line":43,"column":29}},{"start":{"line":45,"column":16},"end":{"line":47,"column":29}}],"line":40}},"s":{"0":5,"1":5,"2":2,"3":2,"4":2,"5":5,"6":0,"7":0,"8":5,"9":0,"10":0,"11":5,"12":1},"f":{"0":5,"1":2,"2":2,"3":0,"4":0,"5":0,"6":1},"b":{"0":[5,0]},"_coverageSchema":"1a1c01bbd47fc00a2c39e90264f33305004495a9","hash":"f78540961fdc820d72fbdcdd56a3a3048fed0996"}
,"C:\\Users\\kuehl\\dev\\IPR\\tenter\\src\\login\\Login.js": {"path":"C:\\Users\\kuehl\\dev\\IPR\\tenter\\src\\login\\Login.js","statementMap":{"0":{"start":{"line":8,"column":14},"end":{"line":55,"column":1}},"1":{"start":{"line":9,"column":21},"end":{"line":9,"column":34}},"2":{"start":{"line":10,"column":30},"end":{"line":10,"column":42}},"3":{"start":{"line":11,"column":36},"end":{"line":11,"column":48}},"4":{"start":{"line":12,"column":30},"end":{"line":12,"column":44}},"5":{"start":{"line":15,"column":19},"end":{"line":30,"column":5}},"6":{"start":{"line":16,"column":8},"end":{"line":16,"column":27}},"7":{"start":{"line":17,"column":8},"end":{"line":28,"column":15}},"8":{"start":{"line":20,"column":29},"end":{"line":20,"column":48}},"9":{"start":{"line":21,"column":16},"end":{"line":21,"column":40}},"10":{"start":{"line":24,"column":34},"end":{"line":24,"column":44}},"11":{"start":{"line":25,"column":37},"end":{"line":25,"column":50}},"12":{"start":{"line":26,"column":16},"end":{"line":26,"column":52}},"13":{"start":{"line":27,"column":16},"end":{"line":27,"column":57}},"14":{"start":{"line":32,"column":4},"end":{"line":54,"column":6}},"15":{"start":{"line":40,"column":37},"end":{"line":40,"column":61}},"16":{"start":{"line":46,"column":37},"end":{"line":46,"column":64}}},"fnMap":{"0":{"name":"(anonymous_0)","decl":{"start":{"line":8,"column":14},"end":{"line":8,"column":15}},"loc":{"start":{"line":8,"column":20},"end":{"line":55,"column":1}},"line":8},"1":{"name":"(anonymous_1)","decl":{"start":{"line":15,"column":19},"end":{"line":15,"column":20}},"loc":{"start":{"line":15,"column":26},"end":{"line":30,"column":5}},"line":15},"2":{"name":"(anonymous_2)","decl":{"start":{"line":18,"column":18},"end":{"line":18,"column":19}},"loc":{"start":{"line":18,"column":38},"end":{"line":22,"column":13}},"line":18},"3":{"name":"(anonymous_3)","decl":{"start":{"line":23,"column":19},"end":{"line":23,"column":20}},"loc":{"start":{"line":23,"column":30},"end":{"line":28,"column":13}},"line":23},"4":{"name":"(anonymous_4)","decl":{"start":{"line":40,"column":30},"end":{"line":40,"column":31}},"loc":{"start":{"line":40,"column":37},"end":{"line":40,"column":61}},"line":40},"5":{"name":"(anonymous_5)","decl":{"start":{"line":46,"column":30},"end":{"line":46,"column":31}},"loc":{"start":{"line":46,"column":37},"end":{"line":46,"column":64}},"line":46}},"branchMap":{"0":{"loc":{"start":{"line":48,"column":17},"end":{"line":48,"column":58}},"type":"binary-expr","locations":[{"start":{"line":48,"column":17},"end":{"line":48,"column":22}},{"start":{"line":48,"column":26},"end":{"line":48,"column":58}}],"line":48}},"s":{"0":2,"1":6,"2":6,"3":6,"4":6,"5":6,"6":2,"7":2,"8":1,"9":1,"10":1,"11":1,"12":1,"13":1,"14":6,"15":1,"16":1},"f":{"0":6,"1":2,"2":1,"3":1,"4":1,"5":1},"b":{"0":[6,1]},"_coverageSchema":"1a1c01bbd47fc00a2c39e90264f33305004495a9","hash":"9f2c2bdf32d88dbb2619af84e405ef502ac3afca"}
}
