TN:
SF:src\Chat.js
FN:7,Chat
FNF:1
FNH:1
FNDA:1,Chat
DA:9,1
LF:1
LH:1
BRF:0
BRH:0
end_of_record
TN:
SF:src\ChatScreen.js
FN:12,ChatScreen
FN:20,(anonymous_1)
FN:21,(anonymous_2)
FN:23,(anonymous_3)
FN:24,(anonymous_4)
FN:27,(anonymous_5)
FN:39,(anonymous_6)
FN:40,(anonymous_7)
FN:41,(anonymous_8)
FN:44,(anonymous_9)
FN:50,(anonymous_10)
FN:81,(anonymous_11)
FN:95,(anonymous_12)
FNF:13
FNH:0
FNDA:0,ChatScreen
FNDA:0,(anonymous_1)
FNDA:0,(anonymous_2)
FNDA:0,(anonymous_3)
FNDA:0,(anonymous_4)
FNDA:0,(anonymous_5)
FNDA:0,(anonymous_6)
FNDA:0,(anonymous_7)
FNDA:0,(anonymous_8)
FNDA:0,(anonymous_9)
FNDA:0,(anonymous_10)
FNDA:0,(anonymous_11)
FNDA:0,(anonymous_12)
DA:13,0
DA:14,0
DA:15,0
DA:16,0
DA:17,0
DA:20,0
DA:21,0
DA:22,0
DA:23,0
DA:24,0
DA:27,0
DA:28,0
DA:29,0
DA:30,0
DA:31,0
DA:33,0
DA:37,0
DA:39,0
DA:40,0
DA:41,0
DA:44,0
DA:45,0
DA:46,0
DA:50,0
DA:51,0
DA:53,0
DA:60,0
DA:62,0
DA:63,0
DA:65,0
DA:68,0
DA:69,0
DA:72,0
DA:77,0
DA:82,0
DA:95,0
LF:36
LH:0
BRDA:28,0,0,0
BRDA:28,0,1,0
BRDA:82,1,0,0
BRDA:82,1,1,0
BRDA:82,2,0,0
BRDA:82,2,1,0
BRDA:86,3,0,0
BRDA:86,3,1,0
BRDA:86,4,0,0
BRDA:86,4,1,0
BRF:10
BRH:0
end_of_record
TN:
SF:src\firebase.js
FNF:0
FNH:0
DA:15,2
DA:27,2
DA:28,2
DA:29,2
LF:4
LH:4
BRF:0
BRH:0
end_of_record
TN:
SF:src\header\Header.js
FN:13,Header
FN:16,(anonymous_1)
FN:17,(anonymous_2)
FN:21,(anonymous_3)
FN:26,(anonymous_4)
FN:31,(anonymous_5)
FN:41,(anonymous_6)
FNF:7
FNH:4
FNDA:5,Header
FNDA:2,(anonymous_1)
FNDA:2,(anonymous_2)
FNDA:0,(anonymous_3)
FNDA:0,(anonymous_4)
FNDA:0,(anonymous_5)
FNDA:1,(anonymous_6)
DA:14,5
DA:16,5
DA:17,2
DA:19,2
DA:20,2
DA:26,5
DA:27,0
DA:28,0
DA:31,5
DA:32,0
DA:33,0
DA:38,5
DA:41,1
LF:13
LH:9
BRDA:40,0,0,5
BRDA:40,0,1,0
BRF:2
BRH:1
end_of_record
TN:
SF:src\login\Login.js
FN:8,(anonymous_0)
FN:15,(anonymous_1)
FN:18,(anonymous_2)
FN:23,(anonymous_3)
FN:40,(anonymous_4)
FN:46,(anonymous_5)
FNF:6
FNH:6
FNDA:6,(anonymous_0)
FNDA:2,(anonymous_1)
FNDA:1,(anonymous_2)
FNDA:1,(anonymous_3)
FNDA:1,(anonymous_4)
FNDA:1,(anonymous_5)
DA:8,2
DA:9,6
DA:10,6
DA:11,6
DA:12,6
DA:15,6
DA:16,2
DA:17,2
DA:20,1
DA:21,1
DA:24,1
DA:25,1
DA:26,1
DA:27,1
DA:32,6
DA:40,1
DA:46,1
LF:17
LH:17
BRDA:48,0,0,6
BRDA:48,0,1,1
BRF:2
BRH:2
end_of_record
