TN:
SF:src\firebase.js
FNF:0
FNH:0
DA:15,2
DA:27,2
DA:28,2
DA:29,2
LF:4
LH:4
BRF:0
BRH:0
end_of_record
TN:
SF:src\card\Card.js
FN:22,Card
FN:33,(anonymous_1)
FN:36,(anonymous_2)
FN:40,(anonymous_3)
FN:41,(anonymous_4)
FN:43,(anonymous_5)
FN:52,(anonymous_6)
FN:53,(anonymous_7)
FN:73,(anonymous_8)
FN:84,(anonymous_9)
FN:89,(anonymous_10)
FN:98,(anonymous_11)
FN:106,(anonymous_12)
FN:118,(anonymous_13)
FN:123,(anonymous_14)
FN:124,(anonymous_15)
FN:136,(anonymous_16)
FN:139,(anonymous_17)
FN:145,(anonymous_18)
FNF:19
FNH:1
FNDA:3,Card
FNDA:0,(anonymous_1)
FNDA:0,(anonymous_2)
FNDA:0,(anonymous_3)
FNDA:0,(anonymous_4)
FNDA:0,(anonymous_5)
FNDA:0,(anonymous_6)
FNDA:0,(anonymous_7)
FNDA:0,(anonymous_8)
FNDA:0,(anonymous_9)
FNDA:0,(anonymous_10)
FNDA:0,(anonymous_11)
FNDA:0,(anonymous_12)
FNDA:0,(anonymous_13)
FNDA:0,(anonymous_14)
FNDA:0,(anonymous_15)
FNDA:0,(anonymous_16)
FNDA:0,(anonymous_17)
FNDA:0,(anonymous_18)
DA:25,3
DA:26,2
DA:27,2
DA:28,2
DA:29,2
DA:30,2
DA:32,0
DA:34,0
DA:36,0
DA:40,0
DA:41,0
DA:42,0
DA:43,0
DA:44,0
DA:45,0
DA:48,0
DA:52,0
DA:53,0
DA:54,0
DA:55,0
DA:56,0
DA:58,0
DA:59,0
DA:60,0
DA:62,0
DA:69,0
DA:73,0
DA:74,0
DA:75,0
DA:78,0
DA:79,0
DA:81,0
DA:84,0
DA:85,0
DA:86,0
DA:89,0
DA:90,0
DA:92,0
DA:98,0
DA:99,0
DA:100,0
DA:106,0
DA:107,0
DA:108,0
DA:109,0
DA:110,0
DA:111,0
DA:115,0
DA:119,0
DA:123,0
DA:124,0
DA:136,0
DA:139,0
DA:145,0
LF:54
LH:6
BRDA:58,0,0,0
BRDA:58,0,1,0
BRDA:92,1,0,0
BRDA:92,1,1,0
BRDA:99,2,0,0
BRDA:99,2,1,0
BRDA:99,3,0,0
BRDA:99,3,1,0
BRDA:107,4,0,0
BRDA:107,4,1,0
BRDA:109,5,0,0
BRDA:109,5,1,0
BRDA:136,6,0,0
BRDA:136,6,1,0
BRDA:139,7,0,0
BRDA:139,7,1,0
BRDA:145,8,0,0
BRDA:145,8,1,0
BRF:18
BRH:0
end_of_record
TN:
SF:src\header\Header.js
FN:13,Header
FN:16,(anonymous_1)
FN:17,(anonymous_2)
FN:21,(anonymous_3)
FN:26,(anonymous_4)
FN:34,(anonymous_5)
FNF:6
FNH:4
FNDA:7,Header
FNDA:2,(anonymous_1)
FNDA:2,(anonymous_2)
FNDA:0,(anonymous_3)
FNDA:0,(anonymous_4)
FNDA:1,(anonymous_5)
DA:14,7
DA:16,7
DA:17,2
DA:19,2
DA:20,2
DA:26,7
DA:27,0
DA:28,0
DA:31,7
DA:34,1
LF:10
LH:8
BRDA:33,0,0,6
BRDA:33,0,1,1
BRF:2
BRH:2
end_of_record
TN:
SF:src\login\Login.js
FN:8,(anonymous_0)
FN:14,(anonymous_1)
FN:17,(anonymous_2)
FN:23,(anonymous_3)
FN:40,(anonymous_4)
FN:46,(anonymous_5)
FNF:6
FNH:6
FNDA:6,(anonymous_0)
FNDA:2,(anonymous_1)
FNDA:1,(anonymous_2)
FNDA:1,(anonymous_3)
FNDA:1,(anonymous_4)
FNDA:1,(anonymous_5)
DA:8,2
DA:9,6
DA:10,6
DA:11,6
DA:12,6
DA:14,6
DA:15,2
DA:16,2
DA:19,1
DA:20,1
DA:21,1
DA:24,1
DA:25,1
DA:26,1
DA:27,1
DA:32,6
DA:40,1
DA:46,1
LF:18
LH:18
BRDA:48,0,0,6
BRDA:48,0,1,1
BRF:2
BRH:2
end_of_record
TN:
SF:src\profile\Profile.js
FN:12,(anonymous_0)
FN:13,(anonymous_1)
FN:16,(anonymous_2)
FN:17,(anonymous_3)
FN:21,Profile
FN:38,(anonymous_5)
FN:42,(anonymous_6)
FN:46,(anonymous_7)
FN:50,(anonymous_8)
FN:54,(anonymous_9)
FN:55,(anonymous_10)
FN:64,(anonymous_11)
FN:66,(anonymous_12)
FN:66,(anonymous_13)
FN:69,(anonymous_14)
FN:74,(anonymous_15)
FN:79,(anonymous_16)
FN:87,(anonymous_17)
FN:92,(anonymous_18)
FN:109,(anonymous_19)
FN:110,(anonymous_20)
FN:132,deleteDocument
FN:141,(anonymous_22)
FN:145,updateDocument
FN:155,handleDelete
FN:159,(anonymous_25)
FN:162,(anonymous_26)
FN:172,(anonymous_27)
FN:175,(anonymous_28)
FN:180,(anonymous_29)
FN:183,(anonymous_30)
FN:190,handleUpdate
FN:201,(anonymous_32)
FN:206,(anonymous_33)
FN:223,fileToString
FN:224,(anonymous_35)
FN:227,(anonymous_36)
FN:232,(anonymous_37)
FN:240,(anonymous_38)
FNF:39
FNH:0
FNDA:0,(anonymous_0)
FNDA:0,(anonymous_1)
FNDA:0,(anonymous_2)
FNDA:0,(anonymous_3)
FNDA:0,Profile
FNDA:0,(anonymous_5)
FNDA:0,(anonymous_6)
FNDA:0,(anonymous_7)
FNDA:0,(anonymous_8)
FNDA:0,(anonymous_9)
FNDA:0,(anonymous_10)
FNDA:0,(anonymous_11)
FNDA:0,(anonymous_12)
FNDA:0,(anonymous_13)
FNDA:0,(anonymous_14)
FNDA:0,(anonymous_15)
FNDA:0,(anonymous_16)
FNDA:0,(anonymous_17)
FNDA:0,(anonymous_18)
FNDA:0,(anonymous_19)
FNDA:0,(anonymous_20)
FNDA:0,deleteDocument
FNDA:0,(anonymous_22)
FNDA:0,updateDocument
FNDA:0,handleDelete
FNDA:0,(anonymous_25)
FNDA:0,(anonymous_26)
FNDA:0,(anonymous_27)
FNDA:0,(anonymous_28)
FNDA:0,(anonymous_29)
FNDA:0,(anonymous_30)
FNDA:0,handleUpdate
FNDA:0,(anonymous_32)
FNDA:0,(anonymous_33)
FNDA:0,fileToString
FNDA:0,(anonymous_35)
FNDA:0,(anonymous_36)
FNDA:0,(anonymous_37)
FNDA:0,(anonymous_38)
DA:12,1
DA:13,0
DA:14,0
DA:15,0
DA:16,0
DA:17,0
DA:22,0
DA:24,0
DA:25,0
DA:27,0
DA:28,0
DA:30,0
DA:31,0
DA:32,0
DA:33,0
DA:34,0
DA:35,0
DA:36,0
DA:38,0
DA:39,0
DA:42,0
DA:43,0
DA:46,0
DA:47,0
DA:50,0
DA:51,0
DA:54,0
DA:55,0
DA:56,0
DA:57,0
DA:59,0
DA:60,0
DA:61,0
DA:64,0
DA:66,0
DA:69,0
DA:70,0
DA:74,0
DA:76,0
DA:79,0
DA:82,0
DA:87,0
DA:88,0
DA:92,0
DA:93,0
DA:96,0
DA:99,0
DA:103,0
DA:109,0
DA:110,0
DA:111,0
DA:112,0
DA:113,0
DA:115,0
DA:116,0
DA:117,0
DA:119,0
DA:122,0
DA:126,0
DA:133,0
DA:134,0
DA:135,0
DA:137,0
DA:138,0
DA:141,0
DA:142,0
DA:146,0
DA:147,0
DA:148,0
DA:150,0
DA:151,0
DA:156,0
DA:157,0
DA:158,0
DA:160,0
DA:163,0
DA:165,0
DA:168,0
DA:169,0
DA:171,0
DA:173,0
DA:176,0
DA:179,0
DA:181,0
DA:184,0
DA:187,0
DA:191,0
DA:192,0
DA:193,0
DA:194,0
DA:196,0
DA:199,0
DA:200,0
DA:202,0
DA:203,0
DA:207,0
DA:210,0
DA:214,0
DA:218,0
DA:219,0
DA:220,0
DA:224,0
DA:225,0
DA:227,0
DA:228,0
DA:229,0
DA:232,0
DA:233,0
DA:236,0
DA:240,0
DA:241,0
DA:243,0
DA:245,0
DA:246,0
DA:248,0
DA:249,0
DA:251,0
DA:255,0
LF:118
LH:1
BRDA:56,0,0,0
BRDA:56,0,1,0
BRDA:56,1,0,0
BRDA:56,1,1,0
BRDA:59,2,0,0
BRDA:59,2,1,0
BRDA:61,3,0,0
BRDA:61,3,1,0
BRDA:115,4,0,0
BRDA:115,4,1,0
BRDA:157,5,0,0
BRDA:157,5,1,0
BRDA:193,6,0,0
BRDA:193,6,1,0
BRDA:197,7,0,0
BRDA:197,7,1,0
BRDA:197,8,0,0
BRDA:197,8,1,0
BRDA:199,9,0,0
BRDA:199,9,1,0
BRDA:215,10,0,0
BRDA:215,10,1,0
BRDA:243,11,0,0
BRDA:243,11,1,0
BRDA:243,11,2,0
BRDA:258,12,0,0
BRDA:258,12,1,0
BRDA:260,13,0,0
BRDA:260,13,1,0
BRDA:308,14,0,0
BRDA:308,14,1,0
BRF:31
BRH:0
end_of_record
TN:
SF:src\profile\asdas.js
FN:6,(anonymous_0)
FN:7,(anonymous_1)
FN:13,(anonymous_2)
FNF:3
FNH:0
FNDA:0,(anonymous_0)
FNDA:0,(anonymous_1)
FNDA:0,(anonymous_2)
DA:6,0
DA:7,0
DA:8,0
DA:13,0
DA:15,0
DA:16,0
DA:19,0
DA:20,0
LF:8
LH:0
BRF:0
BRH:0
end_of_record
