mode: set
ipr/db/db.go:19.23,21.2 1 0
ipr/db/db.go:23.30,31.16 4 1
ipr/db/db.go:31.16,33.3 1 0
ipr/db/db.go:34.2,34.32 1 1
ipr/db/db.go:37.23,39.2 1 0
ipr/db/db.go:41.16,45.16 2 0
ipr/db/db.go:45.16,47.3 1 0
ipr/db/db.go:50.38,58.2 1 1
ipr/util/util.go:13.80,18.2 4 1
ipr/util/util.go:27.39,29.2 1 0
ipr/util/util.go:31.63,33.2 1 0
ipr/util/util.go:35.60,37.16 2 1
ipr/util/util.go:37.16,39.3 1 0
ipr/util/util.go:41.2,42.16 2 1
ipr/util/util.go:42.16,44.3 1 0
ipr/util/util.go:45.2,45.12 1 1
ipr/server/server.go:20.33,22.2 1 1
ipr/server/server.go:24.25,59.2 18 0
