mode: set
ipr/db/db.go:19.23,21.2 1 0
ipr/db/db.go:23.30,31.16 4 1
ipr/db/db.go:31.16,33.3 1 0
ipr/db/db.go:34.2,34.32 1 1
ipr/db/db.go:37.23,39.2 1 0
ipr/db/db.go:41.16,45.16 2 0
ipr/db/db.go:45.16,47.3 1 0
ipr/db/db.go:50.38,58.2 1 1
ipr/util/util.go:13.80,18.2 4 1
ipr/util/util.go:27.39,29.2 1 0
ipr/util/util.go:31.63,33.2 1 0
ipr/util/util.go:35.60,37.16 2 1
ipr/util/util.go:37.16,39.3 1 0
ipr/util/util.go:41.2,42.16 2 1
ipr/util/util.go:42.16,44.3 1 0
ipr/util/util.go:45.2,45.12 1 1
ipr/server/server.go:20.33,22.2 1 1
ipr/server/server.go:24.25,60.2 19 0
ipr/tenter/handler.go:16.47,18.2 1 0
ipr/tenter/handler.go:20.78,25.16 5 1
ipr/tenter/handler.go:25.16,28.3 2 0
ipr/tenter/handler.go:29.2,29.30 1 1
ipr/tenter/handler.go:36.49,38.2 1 0
ipr/tenter/handler.go:40.79,42.16 2 1
ipr/tenter/handler.go:42.16,45.3 2 0
ipr/tenter/handler.go:46.2,46.50 1 1
ipr/tenter/handler.go:54.43,56.2 1 0
ipr/tenter/handler.go:58.76,62.16 3 1
ipr/tenter/handler.go:62.16,65.3 2 1
ipr/tenter/handler.go:66.2,66.50 1 0
ipr/tenter/handler.go:73.35,75.2 1 0
ipr/tenter/handler.go:77.72,82.16 4 1
ipr/tenter/handler.go:82.16,85.3 2 0
ipr/tenter/handler.go:86.2,86.50 1 1
ipr/tenter/handler.go:93.47,95.2 1 0
ipr/tenter/handler.go:97.78,102.16 4 1
ipr/tenter/handler.go:102.16,105.3 2 0
ipr/tenter/handler.go:106.2,106.50 1 1
ipr/tenter/handler.go:113.45,115.2 1 0
ipr/tenter/handler.go:117.77,119.16 2 1
ipr/tenter/handler.go:119.16,122.3 2 0
ipr/tenter/handler.go:123.2,123.51 1 1
ipr/tenter/handler.go:130.35,132.2 1 0
ipr/tenter/handler.go:134.72,139.16 4 1
ipr/tenter/handler.go:139.16,142.3 2 0
ipr/tenter/handler.go:143.2,143.50 1 1
ipr/tenter/handler.go:151.47,153.2 1 0
ipr/tenter/handler.go:155.78,159.16 4 1
ipr/tenter/handler.go:159.16,162.3 2 0
ipr/tenter/handler.go:163.2,163.50 1 1
ipr/tenter/handler.go:170.41,172.2 1 0
ipr/tenter/handler.go:174.75,178.16 4 1
ipr/tenter/handler.go:178.16,181.3 2 0
ipr/tenter/handler.go:182.2,182.50 1 1
ipr/tenter/handler.go:189.41,191.2 1 0
ipr/tenter/handler.go:193.75,195.16 2 1
ipr/tenter/handler.go:195.16,198.3 2 0
ipr/tenter/handler.go:199.2,199.51 1 1
ipr/tenter/handler.go:206.35,208.2 1 0
ipr/tenter/handler.go:210.72,216.16 6 1
ipr/tenter/handler.go:216.16,219.3 2 0
ipr/tenter/handler.go:220.2,220.50 1 1
ipr/tenter/handler.go:227.47,229.2 1 0
ipr/tenter/handler.go:231.78,235.16 4 1
ipr/tenter/handler.go:235.16,238.3 2 0
ipr/tenter/handler.go:239.2,239.50 1 1
ipr/tenter/storage.go:31.33,32.20 1 0
ipr/tenter/storage.go:32.20,34.3 1 0
ipr/tenter/storage.go:35.2,35.16 1 0
ipr/tenter/storage.go:38.71,41.2 2 0
ipr/tenter/storage.go:43.77,46.2 2 0
ipr/tenter/storage.go:48.63,51.2 2 0
ipr/tenter/storage.go:53.66,56.2 2 0
ipr/tenter/storage.go:58.53,65.2 6 0
ipr/tenter/storage.go:67.68,70.2 2 0
ipr/tenter/storage.go:72.61,75.2 2 0
ipr/tenter/storage.go:77.64,80.2 2 0
ipr/tenter/storage.go:82.67,85.2 2 0
ipr/tenter/storage.go:87.61,90.2 2 0
ipr/tenter/storage.go:92.67,95.2 2 0
ipr/tenter/storage.go:97.67,100.2 2 0
